TN:
SF:src/server.js
FNF:0
FNH:0
DA:1,1
DA:2,1
DA:3,1
DA:4,1
DA:5,1
DA:6,1
DA:7,1
DA:8,1
DA:9,1
DA:10,1
DA:11,1
DA:12,1
DA:13,1
DA:14,1
DA:15,1
DA:16,1
DA:17,1
DA:18,1
DA:19,1
DA:20,1
DA:21,0
DA:22,0
DA:23,0
DA:24,0
DA:25,0
DA:26,0
DA:27,0
DA:28,0
DA:29,0
DA:30,0
DA:31,0
DA:32,0
DA:33,0
DA:34,1
DA:35,10
DA:36,10
DA:37,10
DA:38,0
DA:39,0
DA:40,0
DA:41,1
DA:42,1
LF:42
LH:26
BRDA:20,0,0,0
BRDA:16,1,0,1
BRDA:34,2,0,10
BRDA:37,3,0,0
BRF:4
BRH:2
end_of_record
TN:
SF:src/config/index.js
FNF:0
FNH:0
DA:1,1
DA:2,1
DA:3,1
DA:4,1
DA:5,1
DA:6,1
DA:7,1
DA:8,1
DA:9,1
DA:10,1
LF:10
LH:10
BRDA:6,0,0,0
BRDA:8,1,0,0
BRF:2
BRH:0
end_of_record
TN:
SF:src/controllers/auth.controller.js
FN:11,hasAuthorization
FN:20,login
FNF:2
FNH:2
FNDA:7,hasAuthorization
FNDA:20,login
DA:1,1
DA:2,1
DA:3,1
DA:4,1
DA:5,1
DA:6,1
DA:7,1
DA:8,1
DA:9,1
DA:10,1
DA:11,1
DA:12,7
DA:13,7
DA:14,2
DA:15,2
DA:16,2
DA:17,2
DA:18,5
DA:19,5
DA:20,1
DA:21,20
DA:22,20
DA:23,20
DA:24,20
DA:25,20
DA:26,0
DA:27,0
DA:28,0
DA:29,0
DA:30,20
DA:31,1
DA:32,1
DA:33,1
DA:34,1
DA:35,19
DA:36,19
DA:37,19
DA:38,19
DA:39,19
DA:40,19
DA:41,19
DA:42,19
DA:43,19
DA:44,19
DA:45,19
DA:46,19
DA:47,19
DA:48,19
DA:49,19
DA:50,19
DA:51,19
DA:52,20
DA:53,0
DA:54,0
DA:55,0
DA:56,0
DA:57,20
DA:58,1
DA:59,1
LF:59
LH:51
BRDA:11,0,0,7
BRDA:13,1,0,5
BRDA:13,2,0,2
BRDA:20,3,0,20
BRDA:25,4,0,0
BRDA:30,5,0,1
BRDA:34,6,0,19
BRDA:52,7,0,0
BRF:8
BRH:6
end_of_record
TN:
SF:src/controllers/post.controller.js
FN:5,readAll
FN:13,read
FN:16,postById
FN:29,create
FN:53,edit
FN:81,remove
FN:90,addComment
FNF:7
FNH:7
FNDA:1,readAll
FNDA:1,read
FNDA:8,postById
FNDA:1,create
FNDA:1,edit
FNDA:1,remove
FNDA:1,addComment
DA:1,1
DA:2,1
DA:3,1
DA:4,1
DA:5,1
DA:6,1
DA:7,1
DA:8,1
DA:9,1
DA:10,0
DA:11,0
DA:12,1
DA:13,1
DA:14,1
DA:15,1
DA:16,1
DA:17,8
DA:18,8
DA:19,8
DA:20,8
DA:21,8
DA:22,8
DA:23,8
DA:24,8
DA:25,7
DA:26,7
DA:27,7
DA:28,7
DA:29,1
DA:30,1
DA:31,1
DA:32,1
DA:33,1
DA:34,0
DA:35,0
DA:36,0
DA:37,0
DA:38,1
DA:39,1
DA:40,1
DA:41,1
DA:42,1
DA:43,1
DA:44,1
DA:45,1
DA:46,1
DA:47,1
DA:48,1
DA:49,0
DA:50,0
DA:51,1
DA:52,1
DA:53,1
DA:54,1
DA:55,1
DA:56,1
DA:57,1
DA:58,0
DA:59,0
DA:60,0
DA:61,0
DA:62,1
DA:63,1
DA:64,1
DA:65,1
DA:66,1
DA:67,1
DA:68,1
DA:69,1
DA:70,1
DA:71,1
DA:72,1
DA:73,1
DA:74,1
DA:75,0
DA:76,0
DA:77,0
DA:78,0
DA:79,1
DA:80,1
DA:81,1
DA:82,1
DA:83,1
DA:84,1
DA:85,1
DA:86,1
DA:87,0
DA:88,0
DA:89,1
DA:90,1
DA:91,1
DA:92,1
DA:93,1
DA:94,1
DA:95,1
DA:96,1
DA:97,1
DA:98,1
DA:99,1
DA:100,1
DA:101,1
DA:102,1
DA:103,1
DA:104,1
DA:105,0
DA:106,0
DA:107,1
DA:108,1
LF:108
LH:88
BRDA:5,0,0,1
BRDA:9,1,0,0
BRDA:13,2,0,1
BRDA:16,3,0,8
BRDA:24,4,0,1
BRDA:24,5,0,7
BRDA:29,6,0,1
BRDA:32,7,0,1
BRDA:33,8,0,0
BRDA:48,9,0,0
BRDA:53,10,0,1
BRDA:56,11,0,1
BRDA:57,12,0,0
BRDA:74,13,0,0
BRDA:81,14,0,1
BRDA:86,15,0,0
BRDA:90,16,0,1
BRDA:104,17,0,0
BRF:18
BRH:11
end_of_record
TN:
SF:src/controllers/user.controller.js
FN:4,passwordComplexity
FN:19,create
FN:47,userById
FN:59,read
FN:64,update
FN:94,remove
FN:102,readAll
FN:110,follow
FN:155,unfollow
FNF:9
FNH:9
FNDA:3,passwordComplexity
FNDA:3,create
FNDA:23,userById
FNDA:1,read
FNDA:1,update
FNDA:1,remove
FNDA:1,readAll
FNDA:1,follow
FNDA:1,unfollow
DA:1,1
DA:2,1
DA:3,1
DA:4,1
DA:5,3
DA:6,3
DA:7,3
DA:8,3
DA:9,3
DA:10,0
DA:11,0
DA:12,0
DA:13,0
DA:14,0
DA:15,3
DA:16,3
DA:17,3
DA:18,1
DA:19,1
DA:20,3
DA:21,3
DA:22,3
DA:23,3
DA:24,3
DA:25,1
DA:26,1
DA:27,1
DA:28,1
DA:29,2
DA:30,3
DA:31,1
DA:32,1
DA:33,1
DA:34,1
DA:35,1
DA:36,1
DA:37,1
DA:38,1
DA:39,1
DA:40,3
DA:41,0
DA:42,0
DA:43,0
DA:44,0
DA:45,0
DA:46,3
DA:47,1
DA:48,23
DA:49,23
DA:50,0
DA:51,0
DA:52,0
DA:53,0
DA:54,23
DA:55,23
DA:56,23
DA:57,23
DA:58,23
DA:59,1
DA:60,1
DA:61,1
DA:62,1
DA:63,1
DA:64,1
DA:65,1
DA:66,1
DA:67,1
DA:68,1
DA:69,1
DA:70,1
DA:71,0
DA:72,0
DA:73,0
DA:74,0
DA:75,1
DA:76,1
DA:77,1
DA:78,1
DA:79,0
DA:80,0
DA:81,0
DA:82,1
DA:83,1
DA:84,1
DA:85,1
DA:86,1
DA:87,1
DA:88,0
DA:89,0
DA:90,0
DA:91,0
DA:92,1
DA:93,1
DA:94,1
DA:95,1
DA:96,1
DA:97,1
DA:98,1
DA:99,0
DA:100,0
DA:101,1
DA:102,1
DA:103,1
DA:104,1
DA:105,1
DA:106,1
DA:107,0
DA:108,0
DA:109,1
DA:110,1
DA:111,1
DA:112,1
DA:113,1
DA:114,1
DA:115,0
DA:116,0
DA:117,1
DA:118,1
DA:119,1
DA:120,1
DA:121,1
DA:122,1
DA:123,1
DA:124,0
DA:125,0
DA:126,0
DA:127,0
DA:128,1
DA:129,1
DA:130,1
DA:131,1
DA:132,1
DA:133,1
DA:134,1
DA:135,1
DA:136,1
DA:137,1
DA:138,1
DA:139,1
DA:140,1
DA:141,1
DA:142,1
DA:143,1
DA:144,1
DA:145,1
DA:146,1
DA:147,1
DA:148,1
DA:149,1
DA:150,1
DA:151,1
DA:152,0
DA:153,0
DA:154,1
DA:155,1
DA:156,1
DA:157,1
DA:158,1
DA:159,1
DA:160,0
DA:161,0
DA:162,1
DA:163,1
DA:164,1
DA:165,1
DA:166,1
DA:167,1
DA:168,1
DA:169,0
DA:170,0
DA:171,0
DA:172,0
DA:173,1
DA:174,1
DA:175,1
DA:176,1
DA:177,1
DA:178,1
DA:179,1
DA:180,1
DA:181,1
DA:182,1
DA:183,1
DA:184,1
DA:185,1
DA:186,1
DA:187,1
DA:188,1
DA:189,1
DA:190,1
DA:191,1
DA:192,1
DA:193,1
DA:194,1
DA:195,1
DA:196,1
DA:197,0
DA:198,0
DA:199,1
DA:200,1
DA:201,1
DA:202,1
DA:203,1
DA:204,1
DA:205,1
DA:206,1
DA:207,1
DA:208,1
DA:209,1
DA:210,1
LF:210
LH:165
BRDA:4,0,0,3
BRDA:9,1,0,0
BRDA:19,2,0,3
BRDA:24,3,0,1
BRDA:28,4,0,2
BRDA:30,5,0,1
BRDA:40,6,0,0
BRDA:47,7,0,23
BRDA:49,8,0,0
BRDA:59,9,0,1
BRDA:64,10,0,1
BRDA:67,11,0,1
BRDA:70,12,0,0
BRDA:78,13,0,0
BRDA:87,14,0,0
BRDA:94,15,0,1
BRDA:98,16,0,0
BRDA:102,17,0,1
BRDA:106,18,0,0
BRDA:110,19,0,1
BRDA:114,20,0,0
BRDA:123,21,0,0
BRDA:151,22,0,0
BRDA:155,23,0,1
BRDA:159,24,0,0
BRDA:168,25,0,0
BRDA:196,26,0,0
BRF:27
BRH:13
end_of_record
TN:
SF:src/models/post.model.js
FNF:0
FNH:0
DA:1,1
DA:2,1
DA:3,1
DA:4,1
DA:5,1
DA:6,1
DA:7,1
DA:8,1
DA:9,1
DA:10,1
DA:11,1
DA:12,1
DA:13,1
DA:14,1
DA:15,1
DA:16,1
DA:17,1
DA:18,1
DA:19,1
DA:20,1
DA:21,1
DA:22,1
DA:23,1
DA:24,1
DA:25,1
DA:26,1
DA:27,1
DA:28,1
DA:29,1
DA:30,1
DA:31,1
DA:32,1
DA:33,1
DA:34,1
DA:35,1
DA:36,1
LF:36
LH:36
BRF:0
BRH:0
end_of_record
TN:
SF:src/models/user.model.js
FN:61,authenticate
FN:64,encryptPassword
FN:75,makeSalt
FNF:3
FNH:3
FNDA:20,authenticate
FNDA:63,encryptPassword
FNDA:43,makeSalt
DA:1,1
DA:2,1
DA:3,1
DA:4,1
DA:5,1
DA:6,1
DA:7,1
DA:8,1
DA:9,1
DA:10,1
DA:11,1
DA:12,1
DA:13,1
DA:14,1
DA:15,1
DA:16,1
DA:17,1
DA:18,1
DA:19,1
DA:20,1
DA:21,1
DA:22,1
DA:23,1
DA:24,1
DA:25,1
DA:26,1
DA:27,1
DA:28,1
DA:29,1
DA:30,1
DA:31,1
DA:32,1
DA:33,1
DA:34,1
DA:35,1
DA:36,1
DA:37,1
DA:38,1
DA:39,1
DA:40,1
DA:41,1
DA:42,1
DA:43,43
DA:44,43
DA:45,43
DA:46,43
DA:47,1
DA:48,1
DA:49,1
DA:50,1
DA:51,1
DA:52,41
DA:53,0
DA:54,0
DA:55,41
DA:56,0
DA:57,0
DA:58,1
DA:59,1
DA:60,1
DA:61,1
DA:62,20
DA:63,1
DA:64,1
DA:65,63
DA:66,63
DA:67,63
DA:68,63
DA:69,63
DA:70,63
DA:71,63
DA:72,0
DA:73,0
DA:74,1
DA:75,1
DA:76,43
DA:77,43
DA:78,1
DA:79,1
DA:80,1
LF:80
LH:74
BRDA:42,0,0,43
BRDA:47,1,0,1
BRDA:51,2,0,41
BRDA:52,3,0,0
BRDA:55,4,0,40
BRDA:55,5,0,0
BRDA:61,6,0,20
BRDA:64,7,0,63
BRDA:65,8,0,0
BRDA:71,9,0,0
BRDA:75,10,0,43
BRF:11
BRH:7
end_of_record
TN:
SF:src/routes/auth.route.js
FNF:0
FNH:0
DA:1,1
DA:2,1
DA:3,1
DA:4,1
DA:5,1
DA:6,1
LF:6
LH:6
BRF:0
BRH:0
end_of_record
TN:
SF:src/routes/post.route.js
FNF:0
FNH:0
DA:1,1
DA:2,1
DA:3,1
DA:4,1
DA:5,1
DA:6,1
DA:7,1
DA:8,1
DA:9,1
DA:10,1
DA:11,1
DA:12,1
DA:13,1
DA:14,1
DA:15,1
DA:16,1
DA:17,1
DA:18,1
DA:19,1
DA:20,1
DA:21,1
DA:22,1
DA:23,1
DA:24,1
DA:25,1
DA:26,1
DA:27,1
DA:28,1
DA:29,1
DA:30,1
DA:31,1
DA:32,1
LF:32
LH:32
BRF:0
BRH:0
end_of_record
TN:
SF:src/routes/user.route.js
FNF:0
FNH:0
DA:1,1
DA:2,1
DA:3,1
DA:4,1
DA:5,1
DA:6,1
DA:7,1
DA:8,1
DA:9,1
DA:10,1
DA:11,1
DA:12,1
DA:13,1
DA:14,1
DA:15,1
DA:16,1
DA:17,1
DA:18,1
DA:19,1
DA:20,1
DA:21,1
DA:22,1
DA:23,1
DA:24,1
DA:25,1
DA:26,1
DA:27,1
DA:28,1
DA:29,1
DA:30,1
DA:31,1
DA:32,1
DA:33,1
LF:33
LH:33
BRF:0
BRH:0
end_of_record
TN:
SF:src/utils/dbConnection.js
FN:5,connect
FN:21,close
FN:28,clear
FNF:3
FNH:1
FNDA:2,connect
FNDA:0,close
FNDA:0,clear
DA:1,1
DA:2,1
DA:3,1
DA:4,1
DA:5,1
DA:6,2
DA:7,2
DA:8,2
DA:9,2
DA:10,2
DA:11,2
DA:12,0
DA:13,2
DA:14,2
DA:15,2
DA:16,0
DA:17,2
DA:18,2
DA:19,1
DA:20,1
DA:21,1
DA:22,0
DA:23,0
DA:24,0
DA:25,0
DA:26,1
DA:27,1
DA:28,1
DA:29,0
DA:30,0
DA:31,0
DA:32,0
DA:33,0
DA:34,0
DA:35,0
DA:36,1
LF:36
LH:23
BRDA:5,0,0,2
BRDA:6,1,0,0
BRF:2
BRH:1
end_of_record
TN:
SF:src/utils/dbSettings.js
FNF:0
FNH:0
DA:1,1
DA:2,1
DA:3,1
DA:4,1
DA:5,1
DA:6,1
DA:7,1
DA:8,1
DA:9,1
DA:10,1
DA:11,1
LF:11
LH:11
BRF:0
BRH:0
end_of_record
TN:
SF:tests/authHeader.js
FN:6,createUser
FN:17,getUserHeader
FN:25,createUser2
FN:34,getUser2Header
FNF:4
FNH:4
FNDA:27,createUser
FNDA:15,getUserHeader
FNDA:11,createUser2
FNDA:3,getUser2Header
DA:1,1
DA:2,1
DA:3,1
DA:4,1
DA:5,1
DA:6,1
DA:7,27
DA:8,27
DA:9,27
DA:10,27
DA:11,27
DA:12,27
DA:13,27
DA:14,27
DA:15,27
DA:16,27
DA:17,1
DA:18,15
DA:19,15
DA:20,15
DA:21,15
DA:22,15
DA:23,15
DA:24,15
DA:25,1
DA:26,11
DA:27,11
DA:28,11
DA:29,11
DA:30,11
DA:31,11
DA:32,11
DA:33,11
DA:34,1
DA:35,3
DA:36,3
DA:37,3
DA:38,3
DA:39,3
DA:40,3
DA:41,3
DA:42,1
DA:43,1
DA:44,1
DA:45,1
DA:46,1
DA:47,1
DA:48,1
DA:49,1
LF:49
LH:49
BRDA:6,0,0,27
BRDA:17,1,0,15
BRDA:25,2,0,11
BRDA:34,3,0,3
BRF:4
BRH:4
end_of_record
TN:
SF:tests/createPosts.js
FN:4,createPost1
FN:14,createPost2
FNF:2
FNH:2
FNDA:10,createPost1
FNDA:5,createPost2
DA:1,1
DA:2,1
DA:3,1
DA:4,1
DA:5,10
DA:6,10
DA:7,10
DA:8,10
DA:9,10
DA:10,10
DA:11,10
DA:12,10
DA:13,10
DA:14,1
DA:15,5
DA:16,5
DA:17,5
DA:18,5
DA:19,5
DA:20,5
DA:21,5
DA:22,1
LF:22
LH:22
BRDA:4,0,0,10
BRDA:14,1,0,5
BRF:2
BRH:2
end_of_record
