TN:
SF:src/server.js
FNF:0
FNH:0
DA:1,1
DA:2,1
DA:3,1
DA:4,1
DA:5,1
DA:6,1
DA:7,1
DA:8,1
DA:9,1
DA:10,1
DA:11,1
DA:12,1
DA:13,1
DA:14,1
DA:15,1
DA:16,1
DA:17,1
DA:18,1
DA:19,0
DA:20,0
DA:21,0
DA:22,0
DA:23,0
DA:24,0
DA:25,0
DA:26,0
DA:27,0
DA:28,0
DA:29,0
DA:30,0
DA:31,0
DA:32,1
DA:33,0
DA:34,0
DA:35,0
DA:36,0
DA:37,0
DA:38,0
DA:39,1
DA:40,1
LF:40
LH:21
BRDA:18,0,0,0
BRDA:14,1,0,1
BRF:2
BRH:1
end_of_record
TN:
SF:src/config/index.js
FNF:0
FNH:0
DA:1,1
DA:2,1
DA:3,1
DA:4,1
DA:5,1
DA:6,1
DA:7,1
DA:8,1
DA:9,1
DA:10,1
LF:10
LH:10
BRDA:6,0,0,0
BRDA:8,1,0,0
BRF:2
BRH:0
end_of_record
TN:
SF:src/controllers/auth.controller.js
FN:7,requireLogin
FN:23,login
FNF:2
FNH:2
FNDA:2,requireLogin
FNDA:3,login
DA:1,1
DA:2,1
DA:3,1
DA:4,1
DA:5,1
DA:6,1
DA:7,1
DA:8,2
DA:9,2
DA:10,1
DA:11,1
DA:12,1
DA:13,1
DA:14,1
DA:15,1
DA:16,1
DA:17,1
DA:18,1
DA:19,2
DA:20,0
DA:21,0
DA:22,2
DA:23,1
DA:24,3
DA:25,3
DA:26,3
DA:27,3
DA:28,3
DA:29,0
DA:30,0
DA:31,0
DA:32,0
DA:33,3
DA:34,1
DA:35,1
DA:36,1
DA:37,1
DA:38,2
DA:39,2
DA:40,2
DA:41,2
DA:42,2
DA:43,2
DA:44,2
DA:45,2
DA:46,2
DA:47,2
DA:48,2
DA:49,2
DA:50,2
DA:51,2
DA:52,2
DA:53,2
DA:54,2
DA:55,3
DA:56,0
DA:57,0
DA:58,0
DA:59,0
DA:60,3
DA:61,1
DA:62,1
LF:62
LH:52
BRDA:7,0,0,2
BRDA:8,1,0,1
BRDA:9,2,0,1
BRDA:19,3,0,0
BRDA:23,4,0,3
BRDA:28,5,0,0
BRDA:33,6,0,1
BRDA:37,7,0,2
BRDA:55,8,0,0
BRF:9
BRH:6
end_of_record
TN:
SF:src/controllers/user.controller.js
FN:3,passwordComplexity
FN:18,create
FN:46,userById
FN:58,read
FNF:4
FNH:4
FNDA:3,passwordComplexity
FNDA:3,create
FNDA:2,userById
FNDA:1,read
DA:1,1
DA:2,1
DA:3,1
DA:4,3
DA:5,3
DA:6,3
DA:7,3
DA:8,3
DA:9,0
DA:10,0
DA:11,0
DA:12,0
DA:13,0
DA:14,3
DA:15,3
DA:16,3
DA:17,1
DA:18,1
DA:19,3
DA:20,3
DA:21,3
DA:22,3
DA:23,3
DA:24,1
DA:25,1
DA:26,1
DA:27,1
DA:28,2
DA:29,3
DA:30,1
DA:31,1
DA:32,1
DA:33,1
DA:34,1
DA:35,1
DA:36,1
DA:37,1
DA:38,1
DA:39,3
DA:40,0
DA:41,0
DA:42,0
DA:43,0
DA:44,0
DA:45,3
DA:46,1
DA:47,2
DA:48,2
DA:49,0
DA:50,0
DA:51,0
DA:52,0
DA:53,2
DA:54,2
DA:55,2
DA:56,2
DA:57,2
DA:58,1
DA:59,1
DA:60,1
DA:61,1
DA:62,1
DA:63,1
LF:63
LH:49
BRDA:3,0,0,3
BRDA:8,1,0,0
BRDA:18,2,0,3
BRDA:23,3,0,1
BRDA:27,4,0,2
BRDA:29,5,0,1
BRDA:39,6,0,0
BRDA:46,7,0,2
BRDA:48,8,0,0
BRDA:58,9,0,1
BRF:10
BRH:7
end_of_record
TN:
SF:src/models/user.model.js
FN:58,authenticate
FN:61,encryptPassword
FN:72,makeSalt
FNF:3
FNH:3
FNDA:3,authenticate
FNDA:11,encryptPassword
FNDA:8,makeSalt
DA:1,1
DA:2,1
DA:3,1
DA:4,1
DA:5,1
DA:6,1
DA:7,1
DA:8,1
DA:9,1
DA:10,1
DA:11,1
DA:12,1
DA:13,1
DA:14,1
DA:15,1
DA:16,1
DA:17,1
DA:18,1
DA:19,1
DA:20,1
DA:21,1
DA:22,1
DA:23,1
DA:24,1
DA:25,1
DA:26,1
DA:27,1
DA:28,1
DA:29,1
DA:30,1
DA:31,1
DA:32,1
DA:33,1
DA:34,1
DA:35,1
DA:36,1
DA:37,1
DA:38,1
DA:39,1
DA:40,8
DA:41,8
DA:42,8
DA:43,8
DA:44,1
DA:45,0
DA:46,1
DA:47,1
DA:48,1
DA:49,6
DA:50,0
DA:51,0
DA:52,6
DA:53,0
DA:54,0
DA:55,1
DA:56,1
DA:57,1
DA:58,1
DA:59,3
DA:60,1
DA:61,1
DA:62,11
DA:63,11
DA:64,11
DA:65,11
DA:66,11
DA:67,11
DA:68,11
DA:69,0
DA:70,0
DA:71,1
DA:72,1
DA:73,8
DA:74,8
DA:75,1
DA:76,1
DA:77,1
LF:77
LH:70
BRDA:39,0,0,8
BRDA:48,1,0,6
BRDA:49,2,0,0
BRDA:52,3,0,0
BRDA:58,4,0,3
BRDA:61,5,0,11
BRDA:62,6,0,0
BRDA:68,7,0,0
BRDA:72,8,0,8
BRF:9
BRH:5
end_of_record
TN:
SF:src/routes/auth.route.js
FNF:0
FNH:0
DA:1,1
DA:2,1
DA:3,1
DA:4,1
DA:5,1
DA:6,1
LF:6
LH:6
BRF:0
BRH:0
end_of_record
TN:
SF:src/routes/user.route.js
FNF:0
FNH:0
DA:1,1
DA:2,1
DA:3,1
DA:4,1
DA:5,1
DA:6,1
DA:7,1
DA:8,1
DA:9,1
DA:10,1
DA:11,1
DA:12,1
DA:13,1
DA:14,1
LF:14
LH:14
BRF:0
BRH:0
end_of_record
TN:
SF:src/utils/dbConnection.js
FN:5,connect
FN:21,close
FN:28,clear
FNF:3
FNH:1
FNDA:1,connect
FNDA:0,close
FNDA:0,clear
DA:1,1
DA:2,1
DA:3,1
DA:4,1
DA:5,1
DA:6,1
DA:7,1
DA:8,1
DA:9,1
DA:10,1
DA:11,1
DA:12,0
DA:13,1
DA:14,1
DA:15,1
DA:16,0
DA:17,1
DA:18,1
DA:19,1
DA:20,1
DA:21,1
DA:22,0
DA:23,0
DA:24,0
DA:25,0
DA:26,1
DA:27,1
DA:28,1
DA:29,0
DA:30,0
DA:31,0
DA:32,0
DA:33,0
DA:34,0
DA:35,0
DA:36,1
LF:36
LH:23
BRDA:5,0,0,1
BRDA:6,1,0,0
BRF:2
BRH:1
end_of_record
TN:
SF:src/utils/dbSettings.js
FNF:0
FNH:0
DA:1,1
DA:2,1
DA:3,1
DA:4,1
DA:5,1
DA:6,1
DA:7,1
DA:8,1
DA:9,1
DA:10,1
DA:11,1
LF:11
LH:11
BRF:0
BRH:0
end_of_record
TN:
SF:tests/authHeader.js
FN:6,createUser
FN:15,getUserHeader
FNF:2
FNH:2
FNDA:4,createUser
FNDA:1,getUserHeader
DA:1,1
DA:2,1
DA:3,1
DA:4,1
DA:5,1
DA:6,1
DA:7,4
DA:8,4
DA:9,4
DA:10,4
DA:11,4
DA:12,4
DA:13,4
DA:14,4
DA:15,1
DA:16,1
DA:17,1
DA:18,1
DA:19,1
DA:20,1
DA:21,1
DA:22,1
DA:23,1
LF:23
LH:23
BRDA:6,0,0,4
BRDA:15,1,0,1
BRF:2
BRH:2
end_of_record
